13:06:18 - Json file not found in /home/zjf/.minecraft/versions/1.8.8/1.8.8.json
13:06:18 - Please run launcher & Minecraft at least once.
13:06:46 - "scalac" is not found on the PATH.  Scala files will not be recompiled
13:06:46 - !! Please install either wine or astyle for source cleanup !!
13:08:12 - "scalac" is not found on the PATH.  Scala files will not be recompiled
13:08:12 - !! Please install either wine or astyle for source cleanup !!
13:13:41 - "scalac" is not found on the PATH.  Scala files will not be recompiled
13:39:15 - "scalac" is not found on the PATH.  Scala files will not be recompiled
13:39:21 - !! jars/versions/1.8.8/1.8.8-natives not found !!
13:39:21 - !! Libraries check FAILED. Make sure to copy the entire .minecraft/libraries folder into jars !!
13:40:16 - "scalac" is not found on the PATH.  Scala files will not be recompiled
13:40:22 - !! jars/versions/1.8.8/1.8.8-natives not found !!
13:40:22 - !! Libraries check FAILED. Make sure to copy the entire .minecraft/libraries folder into jars !!
13:40:52 - "scalac" is not found on the PATH.  Scala files will not be recompiled
13:42:20 - !! Missing server jar file. Aborting !!
13:42:52 - "scalac" is not found on the PATH.  Scala files will not be recompiled
13:42:54 - '"java" -Xincgc -Xms1024M -Xmx1024M -cp "../bin/minecraft:../src/minecraft:../jars/versions/1.8.8/1.8.8.jar:../lib:../lib/*:../jars/libraries/net/java/jinput/jinput/2.0.5/jinput-2.0.5.jar:../jars/libraries/org/lwjgl/lwjgl/lwjgl-platform/2.9.4-nightly-20150209/lwjgl-platform-2.9.4-nightly-20150209-natives-linux.jar:../jars/libraries/com/ibm/icu/icu4j-core-mojang/51.2/icu4j-core-mojang-51.2.jar:../jars/libraries/org/apache/httpcomponents/httpcore/4.3.2/httpcore-4.3.2.jar:../jars/libraries/org/apache/logging/log4j/log4j-api/2.0-beta9/log4j-api-2.0-beta9.jar:../jars/libraries/org/apache/commons/commons-lang3/3.3.2/commons-lang3-3.3.2.jar:../jars/libraries/net/java/jutils/jutils/1.0.0/jutils-1.0.0.jar:../jars/libraries/net/java/dev/jna/jna/3.4.0/jna-3.4.0.jar:../jars/libraries/com/paulscode/libraryjavasound/20101123/libraryjavasound-20101123.jar:../jars/libraries/net/sf/jopt-simple/jopt-simple/4.6/jopt-simple-4.6.jar:../jars/libraries/com/google/guava/guava/17.0/guava-17.0.jar:../jars/libraries/oshi-project/oshi-core/1.1/oshi-core-1.1.jar:../jars/libraries/commons-logging/commons-logging/1.1.3/commons-logging-1.1.3.jar:../jars/libraries/org/apache/commons/commons-compress/1.8.1/commons-compress-1.8.1.jar:../jars/libraries/net/java/dev/jna/platform/3.4.0/platform-3.4.0.jar:../jars/libraries/com/paulscode/codecjorbis/20101023/codecjorbis-20101023.jar:../jars/libraries/com/paulscode/soundsystem/20120107/soundsystem-20120107.jar:../jars/libraries/com/paulscode/librarylwjglopenal/20100824/librarylwjglopenal-20100824.jar:../jars/libraries/org/lwjgl/lwjgl/lwjgl_util/2.9.4-nightly-20150209/lwjgl_util-2.9.4-nightly-20150209.jar:../jars/libraries/commons-codec/commons-codec/1.9/commons-codec-1.9.jar:../jars/libraries/org/apache/httpcomponents/httpclient/4.3.3/httpclient-4.3.3.jar:../jars/libraries/org/lwjgl/lwjgl/lwjgl/2.9.4-nightly-20150209/lwjgl-2.9.4-nightly-20150209.jar:../jars/libraries/commons-io/commons-io/2.4/commons-io-2.4.jar:../jars/libraries/com/mojang/realms/1.7.24/realms-1.7.24.jar:../jars/libraries/com/mojang/authlib/1.5.21/authlib-1.5.21.jar:../jars/libraries/com/google/code/gson/gson/2.2.4/gson-2.2.4.jar:../jars/libraries/tv/twitch/twitch/6.5/twitch-6.5.jar:../jars/libraries/com/paulscode/codecwav/20101023/codecwav-20101023.jar:../jars/libraries/net/java/jinput/jinput-platform/2.0.5/jinput-platform-2.0.5-natives-linux.jar:../jars/libraries/org/apache/logging/log4j/log4j-core/2.0-beta9/log4j-core-2.0-beta9.jar:../jars/libraries/io/netty/netty-all/4.0.23.Final/netty-all-4.0.23.Final.jar" -Djava.library.path=../jars/versions/1.8.8/1.8.8-natives Start' failed : 1
13:42:54 - FATAL ERROR
Traceback (most recent call last):
  File "runtime/startclient.py", line 42, in startclient
  File "/home/zjf/mcp1.8.8/runtime/commands.py", line 1622, in startclient
    self.runmc(forkcmd)
  File "/home/zjf/mcp1.8.8/runtime/commands.py", line 1662, in runmc
    raise CalledProcessError(process.returncode, forkcmd, output)
CalledProcessError: Command '"java" -Xincgc -Xms1024M -Xmx1024M -cp "../bin/minecraft:../src/minecraft:../jars/versions/1.8.8/1.8.8.jar:../lib:../lib/*:../jars/libraries/net/java/jinput/jinput/2.0.5/jinput-2.0.5.jar:../jars/libraries/org/lwjgl/lwjgl/lwjgl-platform/2.9.4-nightly-20150209/lwjgl-platform-2.9.4-nightly-20150209-natives-linux.jar:../jars/libraries/com/ibm/icu/icu4j-core-mojang/51.2/icu4j-core-mojang-51.2.jar:../jars/libraries/org/apache/httpcomponents/httpcore/4.3.2/httpcore-4.3.2.jar:../jars/libraries/org/apache/logging/log4j/log4j-api/2.0-beta9/log4j-api-2.0-beta9.jar:../jars/libraries/org/apache/commons/commons-lang3/3.3.2/commons-lang3-3.3.2.jar:../jars/libraries/net/java/jutils/jutils/1.0.0/jutils-1.0.0.jar:../jars/libraries/net/java/dev/jna/jna/3.4.0/jna-3.4.0.jar:../jars/libraries/com/paulscode/libraryjavasound/20101123/libraryjavasound-20101123.jar:../jars/libraries/net/sf/jopt-simple/jopt-simple/4.6/jopt-simple-4.6.jar:../jars/libraries/com/google/guava/guava/17.0/guava-17.0.jar:../jars/libraries/oshi-project/oshi-core/1.1/oshi-core-1.1.jar:../jars/libraries/commons-logging/commons-logging/1.1.3/commons-logging-1.1.3.jar:../jars/libraries/org/apache/commons/commons-compress/1.8.1/commons-compress-1.8.1.jar:../jars/libraries/net/java/dev/jna/platform/3.4.0/platform-3.4.0.jar:../jars/libraries/com/paulscode/codecjorbis/20101023/codecjorbis-20101023.jar:../jars/libraries/com/paulscode/soundsystem/20120107/soundsystem-20120107.jar:../jars/libraries/com/paulscode/librarylwjglopenal/20100824/librarylwjglopenal-20100824.jar:../jars/libraries/org/lwjgl/lwjgl/lwjgl_util/2.9.4-nightly-20150209/lwjgl_util-2.9.4-nightly-20150209.jar:../jars/libraries/commons-codec/commons-codec/1.9/commons-codec-1.9.jar:../jars/libraries/org/apache/httpcomponents/httpclient/4.3.3/httpclient-4.3.3.jar:../jars/libraries/org/lwjgl/lwjgl/lwjgl/2.9.4-nightly-20150209/lwjgl-2.9.4-nightly-20150209.jar:../jars/libraries/commons-io/commons-io/2.4/commons-io-2.4.jar:../jars/libraries/com/mojang/realms/1.7.24/realms-1.7.24.jar:../jars/libraries/com/mojang/authlib/1.5.21/authlib-1.5.21.jar:../jars/libraries/com/google/code/gson/gson/2.2.4/gson-2.2.4.jar:../jars/libraries/tv/twitch/twitch/6.5/twitch-6.5.jar:../jars/libraries/com/paulscode/codecwav/20101023/codecwav-20101023.jar:../jars/libraries/net/java/jinput/jinput-platform/2.0.5/jinput-platform-2.0.5-natives-linux.jar:../jars/libraries/org/apache/logging/log4j/log4j-core/2.0-beta9/log4j-core-2.0-beta9.jar:../jars/libraries/io/netty/netty-all/4.0.23.Final/netty-all-4.0.23.Final.jar" -Djava.library.path=../jars/versions/1.8.8/1.8.8-natives Start' returned non-zero exit status 1
14:06:18 - "scalac" is not found on the PATH.  Scala files will not be recompiled
14:07:45 - !! Missing server jar file. Aborting !!
